* Microsoft COBOL Version 4.5        L2.4 revision 002 09-Jun-20 10:32 Page   1
*                                       EX1.CBL
* Options: LIST(EX1.LST) ASMLIST(EX1.GRP)
     1 IDENTIFICATION DIVISION.
     2 PROGRAM-ID.       EX01.
     3 AUTHOR.           MARIA VICTOR.
     4 INSTALLATION.     FATEC-SP.
     5 DATE-WRITTEN.     18/05/2020.
     6 DATE-COMPILED. 09-Jun-20 10:32.
     7 SECURITY. APENAS O AUTOR PODE MODIFICA-LO.
     8*REMARKS.  LE OS REGISTRO DO ARQUIVO DE
     9*          ENTRADA CADCLI1 E GRAVA NO
    10*          ARQUIVO DE SAIDA CADCLI2
    11*          OS CAMPOS: CODIGO E NOME.
    12 ENVIRONMENT             DIVISION.
    13
    14 CONFIGURATION SECTION.
    15       SOURCE-COMPUTER. MARIA-PC.
    16       OBJECT-COMPUTER. MARIA-PC.
    17       SPECIAL-NAMES.     DECIMAL-POINT IS COMMA.
    18 INPUT-OUTPUT SECTION.
    19 FILE-CONTROL.
    20
    21     SELECT   ENTRADA       ASSIGN      TO      DISK
    22     ORGANIZATION   IS           LINE         SEQUENTIAL.
    23     SELECT   TRAB          ASSIGN      TO      DISK.
    24
    25     SELECT   SAIDA           ASSIGN      TO      DISK
    26     ORGANIZATION    IS         LINE          SEQUENTIAL.
    27 DATA                           DIVISION.
    28
    29 FILE SECTION.
    30 FD  ENTRADA
    31     LABEL         RECORD          ARE     STANDARD
    32     VALUE        OF FILE-ID       IS      "ENT1.DAT".
    33
    34 01  REG-ENT.
    35     02 COD-ENT       PIC 9(04).
    36     02 NOME-ENT      PIC X(30).
    37     02 SEXO-ENT      PIC X(01).
    38
    39 SD  TRAB.
    40 01  REG-TRA.
    41     02 COD-TRAB        PIC 9(04).
    42     02 NOME-TRAB       PIC X(30).
    43     02 SEXO-TRAB       PIC X(01).
    44
    45
    46 FD  SAIDA
    47     LABEL         RECORD         ARE        STANDARD
    48     VALUE        OF FILE-ID      IS       "SAI.DAT".
    49
    50 01   REG-SAI.
    51      03 COD-SAI       PIC 9(04).
    52      03 NOME-SAI      PIC X(30).
    53      03 SEX-SAI       PIC X(01).
    54
    55
    56 WORKING-STORAGE SECTION.
    57
* Microsoft COBOL Version 4.5        L2.4 revision 002 09-Jun-20 10:32 Page   2
*                                       EX1.CBL
    58 77     FIM-ARQ         PIC X(03) VALUE  "NAO".
    59
    60 PROCEDURE                                   DIVISION.
    61
    62 PGM-EXE01.
    63
    64         SORT    TRAB
    65             ASCENDING KEY COD-TRAB
    66             USING ENTRADA
    67             OUTPUT PROCEDURE ROT-SAIDA
    68      STOP RUN.
    69
    70 ROT-SAIDA              SECTION.
    71     PERFORM   INICIO.
    72     PERFORM   PRINCIPAL
    73              UNTIL FIM-ARQ EQUAL "SIM".
    74     PERFORM FIM.
    75
    76
    77 INICIO                 SECTION.
    78     OPEN    OUTPUT SAIDA.
    79     PERFORM LE-SORT.
    80
    81
    82 LE-SORT                SECTION.
    83     RETURN  TRAB
    84             AT END
    85             MOVE "SIM"  TO   FIM-ARQ.
    86
    87
    88 PRINCIPAL              SECTION.
    89      PERFORM  SELECAO.
    90      PERFORM  LE-SORT.
    91
    92
    93 SELECAO                 SECTION.
    94     IF SEXO-TRAB EQUAL "F"
    95         PERFORM GRAVACAO.
    96
    97 GRAVACAO                SECTION.
    98     MOVE COD-TRAB  TO COD-SAI.
    99     MOVE SEXO-TRAB TO SEX-SAI.
   100     MOVE NOME-TRAB TO NOME-SAI.
   101     WRITE REG-SAI.
   102
   103
   104 FIM                      SECTION.
   105     CLOSE  SAIDA.
   106
* Microsoft COBOL Version 4.5        L2.4 revision 002
* (C)Copyright Microsoft Corp 1984, 1991       URN AXUPA/MS0/000000
*                                              REF GNB-024050002A7
*
* Total Messages:     0
* Data:        1244     Code:         499     Dictionary:        1564
