* Microsoft COBOL Version 4.5        L2.4 revision 002 08-Jun-20 21:16 Page   1
*                                      PGM02.CBL
* Options: LIST(M.LST) ASMLIST(M.GRP)
     1 IDENTIFICATION DIVISION.
     2 PROGRAM-ID.       PGM02.
     3 AUTHOR.           MARIA VICTOR.
     4 INSTALLATION.     FATEC-SP.
     5 DATE-WRITTEN.     02/06/2020.
     6 DATE-COMPILED. 08-Jun-20 21:16.
     7 SECURITY. APENAS O AUTOR PODE MODIFICA-LO.
     8*REMARKS.  LE OS REGISTRO DO ARQUIVO DE
     9*          ENTRADA CADENT, ORDENA POR PELO NOME DO LIVRO
    10*          (USANDO SORTE) E GRAVA NO ARQUIVO DE SAIDA CADLIVRO.
    11
    12 ENVIRONMENT             DIVISION.
    13
    14 CONFIGURATION SECTION.
    15       SOURCE-COMPUTER. MARIA-PC.
    16       OBJECT-COMPUTER. MARIA-PC.
    17       SPECIAL-NAMES.     DECIMAL-POINT IS COMMA.
    18 INPUT-OUTPUT SECTION.
    19 FILE-CONTROL.
    20
    21     SELECT   CADENT       ASSIGN      TO      DISK
    22     ORGANIZATION   IS           LINE         SEQUENTIAL.
    23     SELECT   TRAB          ASSIGN      TO      DISK.
    24
    25     SELECT   CADLIVRO           ASSIGN      TO      DISK
    26     ORGANIZATION    IS         LINE          SEQUENTIAL.
    27 DATA                           DIVISION.
    28
    29 FILE SECTION.
    30 FD  CADENT
    31     LABEL         RECORD          ARE     STANDARD
    32     VALUE        OF FILE-ID       IS      "CADENT1.DAT".
    33
    34 01  REG-ENT.
    35     02 COD-ENT       PIC 9(05).
    36     02 NOME-ENT      PIC X(30).
    37     02 PRECO-ENT     PIC 9(2)V99.
    38
    39 SD  TRAB.
    40 01  REG-TRA.
    41     02 COD-TRAB       PIC 9(05).
    42     02 NOME-TRAB      PIC X(30).
    43     02 PRECO-TRAB     PIC 9(2)V99.
    44
    45
    46 FD  CADLIVRO
    47     LABEL         RECORD         ARE        STANDARD
    48     VALUE        OF FILE-ID      IS       "CADLIVRO.DAT".
    49
    50 01   REG-SAI.
    51      03 COD-SAI       PIC 9(05).
    52      03 NOME-SAI      PIC X(30).
    53      03 PRECO-SAI     PIC 9(02)V99.
    54
    55
    56 WORKING-STORAGE SECTION.
    57
* Microsoft COBOL Version 4.5        L2.4 revision 002 08-Jun-20 21:16 Page   2
*                                      PGM02.CBL
    58
    59 PROCEDURE                                   DIVISION.
    60
    61 PGM-EXE02.
    62
    63         SORT    TRAB
    64             DESCENDING KEY NOME-TRAB
    65             USING CADENT
    66             GIVING CADLIVRO.
    67      STOP RUN.
    68
    69
    70
* Microsoft COBOL Version 4.5        L2.4 revision 002
* (C)Copyright Microsoft Corp 1984, 1991       URN AXUPA/MS0/000000
*                                              REF GNB-024050002A7
*
* Total Messages:     0
* Data:        1264     Code:         265     Dictionary:        1214
